# JRE version: Java(TM) SE Runtime Environment (8.0_92-b14) (build 1.8.0_92-b14)
# Java VM: Java HotSpot(TM) Client VM (25.92-b14 mixed mode windows-x86 )
Heap:
 def new generation   total 39424K, used 3710K [0x04600000, 0x070c0000, 0x0f0a0000)
  eden space 35072K,  10% used [0x04600000, 0x04991b40, 0x06840000)
  from space 4352K,   1% used [0x06c80000, 0x06c8deb8, 0x070c0000)
  to   space 4352K,   0% used [0x06840000, 0x06840000, 0x06c80000)
 tenured generation   total 87424K, used 72762K [0x0f0a0000, 0x14600000, 0x24600000)
   the space 87424K,  83% used [0x0f0a0000, 0x137aebc0, 0x137aec00, 0x14600000)
 Metaspace       used 18985K, capacity 19434K, committed 19456K, reserved 19840K
GC Heap History (10 events):
Event: 99822.483 GC heap before
{Heap before GC invocations=95 (full 1):
 def new generation   total 39424K, used 35073K [0x04600000, 0x070c0000, 0x0f0a0000)
  eden space 35072K, 100% used [0x04600000, 0x06840000, 0x06840000)
  from space 4352K,   0% used [0x06840000, 0x06840418, 0x06c80000)
  to   space 4352K,   0% used [0x06c80000, 0x06c80000, 0x070c0000)
 tenured generation   total 87424K, used 72762K [0x0f0a0000, 0x14600000, 0x24600000)
   the space 87424K,  83% used [0x0f0a0000, 0x137aebc0, 0x137aec00, 0x14600000)
 Metaspace       used 18985K, capacity 19434K, committed 19456K, reserved 19840K
Event: 99822.485 GC heap after
Heap after GC invocations=96 (full 1):
 def new generation   total 39424K, used 0K [0x04600000, 0x070c0000, 0x0f0a0000)
  eden space 35072K,   0% used [0x04600000, 0x04600000, 0x06840000)
  from space 4352K,   0% used [0x06c80000, 0x06c801f0, 0x070c0000)
  to   space 4352K,   0% used [0x06840000, 0x06840000, 0x06c80000)
 tenured generation   total 87424K, used 72762K [0x0f0a0000, 0x14600000, 0x24600000)
   the space 87424K,  83% used [0x0f0a0000, 0x137aebc0, 0x137aec00, 0x14600000)
 Metaspace       used 18985K, capacity 19434K, committed 19456K, reserved 19840K
}
Event: 100052.332 GC heap before
{Heap before GC invocations=96 (full 1):
 def new generation   total 39424K, used 35072K [0x04600000, 0x070c0000, 0x0f0a0000)
  eden space 35072K, 100% used [0x04600000, 0x06840000, 0x06840000)
  from space 4352K,   0% used [0x06c80000, 0x06c801f0, 0x070c0000)
  to   space 4352K,   0% used [0x06840000, 0x06840000, 0x06c80000)
 tenured generation   total 87424K, used 72762K [0x0f0a0000, 0x14600000, 0x24600000)
   the space 87424K,  83% used [0x0f0a0000, 0x137aebc0, 0x137aec00, 0x14600000)
 Metaspace       used 18985K, capacity 19434K, committed 19456K, reserved 19840K
Event: 100052.334 GC heap after
Heap after GC invocations=97 (full 1):
 def new generation   total 39424K, used 11K [0x04600000, 0x070c0000, 0x0f0a0000)
  eden space 35072K,   0% used [0x04600000, 0x04600000, 0x06840000)
  from space 4352K,   0% used [0x06840000, 0x06842fe0, 0x06c80000)
  to   space 4352K,   0% used [0x06c80000, 0x06c80000, 0x070c0000)
 tenured generation   total 87424K, used 72762K [0x0f0a0000, 0x14600000, 0x24600000)
   the space 87424K,  83% used [0x0f0a0000, 0x137aebc0, 0x137aec00, 0x14600000)
 Metaspace       used 18985K, capacity 19434K, committed 19456K, reserved 19840K
}
Event: 100280.285 GC heap before
{Heap before GC invocations=97 (full 1):
 def new generation   total 39424K, used 35083K [0x04600000, 0x070c0000, 0x0f0a0000)
  eden space 35072K, 100% used [0x04600000, 0x06840000, 0x06840000)
  from space 4352K,   0% used [0x06840000, 0x06842fe0, 0x06c80000)
  to   space 4352K,   0% used [0x06c80000, 0x06c80000, 0x070c0000)
 tenured generation   total 87424K, used 72762K [0x0f0a0000, 0x14600000, 0x24600000)
   the space 87424K,  83% used [0x0f0a0000, 0x137aebc0, 0x137aec00, 0x14600000)
 Metaspace       used 18985K, capacity 19434K, committed 19456K, reserved 19840K
Event: 100280.287 GC heap after
Heap after GC invocations=98 (full 1):
 def new generation   total 39424K, used 10K [0x04600000, 0x070c0000, 0x0f0a0000)
  eden space 35072K,   0% used [0x04600000, 0x04600000, 0x06840000)
  from space 4352K,   0% used [0x06c80000, 0x06c82898, 0x070c0000)
  to   space 4352K,   0% used [0x06840000, 0x06840000, 0x06c80000)
 tenured generation   total 87424K, used 72762K [0x0f0a0000, 0x14600000, 0x24600000)
   the space 87424K,  83% used [0x0f0a0000, 0x137aebc0, 0x137aec00, 0x14600000)
 Metaspace       used 18985K, capacity 19434K, committed 19456K, reserved 19840K
}
Event: 100516.899 GC heap before
{Heap before GC invocations=98 (full 1):
 def new generation   total 39424K, used 35082K [0x04600000, 0x070c0000, 0x0f0a0000)
  eden space 35072K, 100% used [0x04600000, 0x06840000, 0x06840000)
  from space 4352K,   0% used [0x06c80000, 0x06c82898, 0x070c0000)
  to   space 4352K,   0% used [0x06840000, 0x06840000, 0x06c80000)
 tenured generation   total 87424K, used 72762K [0x0f0a0000, 0x14600000, 0x24600000)
   the space 87424K,  83% used [0x0f0a0000, 0x137aebc0, 0x137aec00, 0x14600000)
 Metaspace       used 18985K, capacity 19434K, committed 19456K, reserved 19840K
Event: 100516.902 GC heap after
Heap after GC invocations=99 (full 1):
 def new generation   total 39424K, used 5K [0x04600000, 0x070c0000, 0x0f0a0000)
  eden space 35072K,   0% used [0x04600000, 0x04600000, 0x06840000)
  from space 4352K,   0% used [0x06840000, 0x06841678, 0x06c80000)
  to   space 4352K,   0% used [0x06c80000, 0x06c80000, 0x070c0000)
 tenured generation   total 87424K, used 72762K [0x0f0a0000, 0x14600000, 0x24600000)
   the space 87424K,  83% used [0x0f0a0000, 0x137aebc0, 0x137aec00, 0x14600000)
 Metaspace       used 18985K, capacity 19434K, committed 19456K, reserved 19840K
}
Event: 100748.382 GC heap before
{Heap before GC invocations=99 (full 1):
 def new generation   total 39424K, used 35077K [0x04600000, 0x070c0000, 0x0f0a0000)
  eden space 35072K, 100% used [0x04600000, 0x06840000, 0x06840000)
  from space 4352K,   0% used [0x06840000, 0x06841678, 0x06c80000)
  to   space 4352K,   0% used [0x06c80000, 0x06c80000, 0x070c0000)
 tenured generation   total 87424K, used 72762K [0x0f0a0000, 0x14600000, 0x24600000)
   the space 87424K,  83% used [0x0f0a0000, 0x137aebc0, 0x137aec00, 0x14600000)
 Metaspace       used 18985K, capacity 19434K, committed 19456K, reserved 19840K
Event: 100748.388 GC heap after
Heap after GC invocations=100 (full 1):
 def new generation   total 39424K, used 55K [0x04600000, 0x070c0000, 0x0f0a0000)
  eden space 35072K,   0% used [0x04600000, 0x04600000, 0x06840000)
  from space 4352K,   1% used [0x06c80000, 0x06c8deb8, 0x070c0000)
  to   space 4352K,   0% used [0x06840000, 0x06840000, 0x06c80000)
 tenured generation   total 87424K, used 72762K [0x0f0a0000, 0x14600000, 0x24600000)
   the space 87424K,  83% used [0x0f0a0000, 0x137aebc0, 0x137aec00, 0x14600000)
 Metaspace       used 18985K, capacity 19434K, committed 19456K, reserved 19840K
}

