# JRE version: Java(TM) SE Runtime Environment (8.0_66-b17) (build 1.8.0_66-b17)
# Java VM: Java HotSpot(TM) Client VM (25.66-b17 mixed mode windows-x86 )
Heap:
 def new generation   total 39424K, used 11634K [0x04a00000, 0x074c0000, 0x0f4a0000)
  eden space 35072K,  33% used [0x04a00000, 0x0555c170, 0x06c40000)
  from space 4352K,   0% used [0x06c40000, 0x06c40988, 0x07080000)
  to   space 4352K,   0% used [0x07080000, 0x07080000, 0x074c0000)
 tenured generation   total 87424K, used 38690K [0x0f4a0000, 0x14a00000, 0x24a00000)
   the space 87424K,  44% used [0x0f4a0000, 0x11a68a28, 0x11a68c00, 0x14a00000)
 Metaspace       used 18917K, capacity 19376K, committed 19456K, reserved 19840K
GC Heap History (10 events):
Event: 420623.366 GC heap before
{Heap before GC invocations=80745 (full 1):
 def new generation   total 39424K, used 35074K [0x04a00000, 0x074c0000, 0x0f4a0000)
  eden space 35072K, 100% used [0x04a00000, 0x06c40000, 0x06c40000)
  from space 4352K,   0% used [0x06c40000, 0x06c40938, 0x07080000)
  to   space 4352K,   0% used [0x07080000, 0x07080000, 0x074c0000)
 tenured generation   total 87424K, used 38690K [0x0f4a0000, 0x14a00000, 0x24a00000)
   the space 87424K,  44% used [0x0f4a0000, 0x11a68a28, 0x11a68c00, 0x14a00000)
 Metaspace       used 18917K, capacity 19376K, committed 19456K, reserved 19840K
Event: 420623.368 GC heap after
Heap after GC invocations=80746 (full 1):
 def new generation   total 39424K, used 2K [0x04a00000, 0x074c0000, 0x0f4a0000)
  eden space 35072K,   0% used [0x04a00000, 0x04a00000, 0x06c40000)
  from space 4352K,   0% used [0x07080000, 0x070808e0, 0x074c0000)
  to   space 4352K,   0% used [0x06c40000, 0x06c40000, 0x07080000)
 tenured generation   total 87424K, used 38690K [0x0f4a0000, 0x14a00000, 0x24a00000)
   the space 87424K,  44% used [0x0f4a0000, 0x11a68a28, 0x11a68c00, 0x14a00000)
 Metaspace       used 18917K, capacity 19376K, committed 19456K, reserved 19840K
}
Event: 420633.343 GC heap before
{Heap before GC invocations=80746 (full 1):
 def new generation   total 39424K, used 35074K [0x04a00000, 0x074c0000, 0x0f4a0000)
  eden space 35072K, 100% used [0x04a00000, 0x06c40000, 0x06c40000)
  from space 4352K,   0% used [0x07080000, 0x070808e0, 0x074c0000)
  to   space 4352K,   0% used [0x06c40000, 0x06c40000, 0x07080000)
 tenured generation   total 87424K, used 38690K [0x0f4a0000, 0x14a00000, 0x24a00000)
   the space 87424K,  44% used [0x0f4a0000, 0x11a68a28, 0x11a68c00, 0x14a00000)
 Metaspace       used 18917K, capacity 19376K, committed 19456K, reserved 19840K
Event: 420633.345 GC heap after
Heap after GC invocations=80747 (full 1):
 def new generation   total 39424K, used 2K [0x04a00000, 0x074c0000, 0x0f4a0000)
  eden space 35072K,   0% used [0x04a00000, 0x04a00000, 0x06c40000)
  from space 4352K,   0% used [0x06c40000, 0x06c408d0, 0x07080000)
  to   space 4352K,   0% used [0x07080000, 0x07080000, 0x074c0000)
 tenured generation   total 87424K, used 38690K [0x0f4a0000, 0x14a00000, 0x24a00000)
   the space 87424K,  44% used [0x0f4a0000, 0x11a68a28, 0x11a68c00, 0x14a00000)
 Metaspace       used 18917K, capacity 19376K, committed 19456K, reserved 19840K
}
Event: 420642.605 GC heap before
{Heap before GC invocations=80747 (full 1):
 def new generation   total 39424K, used 35074K [0x04a00000, 0x074c0000, 0x0f4a0000)
  eden space 35072K, 100% used [0x04a00000, 0x06c40000, 0x06c40000)
  from space 4352K,   0% used [0x06c40000, 0x06c408d0, 0x07080000)
  to   space 4352K,   0% used [0x07080000, 0x07080000, 0x074c0000)
 tenured generation   total 87424K, used 38690K [0x0f4a0000, 0x14a00000, 0x24a00000)
   the space 87424K,  44% used [0x0f4a0000, 0x11a68a28, 0x11a68c00, 0x14a00000)
 Metaspace       used 18917K, capacity 19376K, committed 19456K, reserved 19840K
Event: 420642.607 GC heap after
Heap after GC invocations=80748 (full 1):
 def new generation   total 39424K, used 2K [0x04a00000, 0x074c0000, 0x0f4a0000)
  eden space 35072K,   0% used [0x04a00000, 0x04a00000, 0x06c40000)
  from space 4352K,   0% used [0x07080000, 0x070808e0, 0x074c0000)
  to   space 4352K,   0% used [0x06c40000, 0x06c40000, 0x07080000)
 tenured generation   total 87424K, used 38690K [0x0f4a0000, 0x14a00000, 0x24a00000)
   the space 87424K,  44% used [0x0f4a0000, 0x11a68a28, 0x11a68c00, 0x14a00000)
 Metaspace       used 18917K, capacity 19376K, committed 19456K, reserved 19840K
}
Event: 420651.154 GC heap before
{Heap before GC invocations=80748 (full 1):
 def new generation   total 39424K, used 35074K [0x04a00000, 0x074c0000, 0x0f4a0000)
  eden space 35072K, 100% used [0x04a00000, 0x06c40000, 0x06c40000)
  from space 4352K,   0% used [0x07080000, 0x070808e0, 0x074c0000)
  to   space 4352K,   0% used [0x06c40000, 0x06c40000, 0x07080000)
 tenured generation   total 87424K, used 38690K [0x0f4a0000, 0x14a00000, 0x24a00000)
   the space 87424K,  44% used [0x0f4a0000, 0x11a68a28, 0x11a68c00, 0x14a00000)
 Metaspace       used 18917K, capacity 19376K, committed 19456K, reserved 19840K
Event: 420651.156 GC heap after
Heap after GC invocations=80749 (full 1):
 def new generation   total 39424K, used 2K [0x04a00000, 0x074c0000, 0x0f4a0000)
  eden space 35072K,   0% used [0x04a00000, 0x04a00000, 0x06c40000)
  from space 4352K,   0% used [0x06c40000, 0x06c408e0, 0x07080000)
  to   space 4352K,   0% used [0x07080000, 0x07080000, 0x074c0000)
 tenured generation   total 87424K, used 38690K [0x0f4a0000, 0x14a00000, 0x24a00000)
   the space 87424K,  44% used [0x0f4a0000, 0x11a68a28, 0x11a68c00, 0x14a00000)
 Metaspace       used 18917K, capacity 19376K, committed 19456K, reserved 19840K
}
Event: 420660.004 GC heap before
{Heap before GC invocations=80749 (full 1):
 def new generation   total 39424K, used 35074K [0x04a00000, 0x074c0000, 0x0f4a0000)
  eden space 35072K, 100% used [0x04a00000, 0x06c40000, 0x06c40000)
  from space 4352K,   0% used [0x06c40000, 0x06c408e0, 0x07080000)
  to   space 4352K,   0% used [0x07080000, 0x07080000, 0x074c0000)
 tenured generation   total 87424K, used 38690K [0x0f4a0000, 0x14a00000, 0x24a00000)
   the space 87424K,  44% used [0x0f4a0000, 0x11a68a28, 0x11a68c00, 0x14a00000)
 Metaspace       used 18917K, capacity 19376K, committed 19456K, reserved 19840K
Event: 420660.005 GC heap after
Heap after GC invocations=80750 (full 1):
 def new generation   total 39424K, used 2K [0x04a00000, 0x074c0000, 0x0f4a0000)
  eden space 35072K,   0% used [0x04a00000, 0x04a00000, 0x06c40000)
  from space 4352K,   0% used [0x07080000, 0x070808e0, 0x074c0000)
  to   space 4352K,   0% used [0x06c40000, 0x06c40000, 0x07080000)
 tenured generation   total 87424K, used 38690K [0x0f4a0000, 0x14a00000, 0x24a00000)
   the space 87424K,  44% used [0x0f4a0000, 0x11a68a28, 0x11a68c00, 0x14a00000)
 Metaspace       used 18917K, capacity 19376K, committed 19456K, reserved 19840K
}

